Building DAG of jobs...
Using shell: /bin/bash
Provided cores: 1 (use --cores to define parallelism)
Rules claiming more threads will be scaled down.
Job counts:
	count	jobs
	1	ScrapeGC
	1

[Thu Nov 19 16:21:42 2020]
rule ScrapeGC:
    input: data/gc-list-filtered.csv
    output: data/gc-scrape.csv
    jobid: 0

Waiting at most 5 seconds for missing files.
MissingOutputException in line 35 of /home/adrian/PhD-Laptop/Pd_Geocache/workflow/snakefile:
Job Missing files after 5 seconds:
data/gc-scrape.csv
This might be due to filesystem latency. If that is the case, consider to increase the wait time with --latency-wait. completed successfully, but some output files are missing. 0
  File "/home/adrian/anaconda3/lib/python3.7/site-packages/snakemake/executors/__init__.py", line 575, in handle_job_success
  File "/home/adrian/anaconda3/lib/python3.7/site-packages/snakemake/executors/__init__.py", line 254, in handle_job_success
Shutting down, this might take some time.
Exiting because a job execution failed. Look above for error message
Complete log: /home/adrian/PhD-Laptop/Pd_Geocache/workflow/.snakemake/log/2020-11-19T162142.433793.snakemake.log
