Building DAG of jobs...
Using shell: /bin/bash
Provided cores: 1 (use --cores to define parallelism)
Rules claiming more threads will be scaled down.
Job counts:
	count	jobs
	1	FilterDescriptions
	1	SampleDescriptions
	2

[Thu Nov 19 17:10:46 2020]
rule SampleDescriptions:
    input: data/gc-list-unfiltered.csv
    output: data/gc-descriptions.csv
    jobid: 1

[Thu Nov 19 18:11:01 2020]
Finished job 1.
1 of 2 steps (50%) done

[Thu Nov 19 18:11:01 2020]
rule FilterDescriptions:
    input: data/gc-descriptions.csv
    output: data/gc-list-filtered.csv, figures/keyword-combinations.png
    jobid: 0

[Thu Nov 19 18:11:36 2020]
Finished job 0.
2 of 2 steps (100%) done
Complete log: /home/adrian/PhD-Laptop/Pd_Geocache/workflow/.snakemake/log/2020-11-19T171046.680140.snakemake.log
