Building DAG of jobs...
Using shell: /bin/bash
Provided cores: 1 (use --cores to define parallelism)
Rules claiming more threads will be scaled down.
Job counts:
	count	jobs
	1	ScrapeGC
	1

[Mon Jan  4 16:38:17 2021]
rule ScrapeGC:
    input: data/gc-list-filtered.csv
    output: data/gc-scrape.csv
    jobid: 0

Waiting at most 5 seconds for missing files.
MissingOutputException in line 35 of /home/adrian/PhD-Laptop/Pd_Geocache/workflow/snakefile:
Job completed successfully, but some output files are missing. Missing files after 5 seconds:
data/gc-scrape.csv
This might be due to filesystem latency. If that is the case, consider to increase the wait time with --latency-wait.
  File "/home/adrian/anaconda3/lib/python3.7/site-packages/snakemake/executors/__init__.py", line 544, in handle_job_success
  File "/home/adrian/anaconda3/lib/python3.7/site-packages/snakemake/executors/__init__.py", line 231, in handle_job_success
Shutting down, this might take some time.
Exiting because a job execution failed. Look above for error message
Complete log: /home/adrian/PhD-Laptop/Pd_Geocache/workflow/.snakemake/log/2021-01-04T163816.987772.snakemake.log
