Building DAG of jobs...
Using shell: /bin/bash
Provided cores: 2
Rules claiming more threads will be scaled down.
Job counts:
	count	jobs
	1	FilterDescriptions
	1	ScrapeGC
	2

[Fri Apr  9 00:34:31 2021]
rule FilterDescriptions:
    input: data/gc-descriptions.csv
    output: data/gc-list-eu-filtered.csv, figures/keyword-combinations-eu.png
    jobid: 1

[Fri Apr  9 00:36:03 2021]
Finished job 1.
1 of 2 steps (50%) done

[Fri Apr  9 00:36:03 2021]
rule ScrapeGC:
    input: data/gc-list-eu-filtered.csv
    output: data/gc-eu-scrape.csv
    jobid: 0

[Fri Apr  9 00:36:08 2021]
Finished job 0.
2 of 2 steps (100%) done
Complete log: /home/adrian/PhD-Laptop/Pd_Geocache/workflow/.snakemake/log/2021-04-09T003431.693161.snakemake.log
