Building DAG of jobs...
Using shell: /bin/bash
Provided cores: 2
Rules claiming more threads will be scaled down.
Job counts:
	count	jobs
	1	PresenceShape
	1

[Sun Feb  7 20:20:28 2021]
rule PresenceShape:
    output: data/presence.df.csv, data/presence.poly.rds
    jobid: 0

[Sun Feb  7 20:20:46 2021]
Error in rule PresenceShape:
    jobid: 0
    output: data/presence.df.csv, data/presence.poly.rds

RuleException:
CalledProcessError in line 50 of /home/adrian/PhD-Laptop/Pd_Geocache/workflow/snakefile:
Command 'set -euo pipefail;  Rscript --vanilla /home/adrian/PhD-Laptop/Pd_Geocache/workflow/.snakemake/scripts/tmp3_rklxth.wns-presence.R' returned non-zero exit status 1.
  File "/home/adrian/anaconda3/lib/python3.7/site-packages/snakemake/executors/__init__.py", line 2189, in run_wrapper
  File "/home/adrian/PhD-Laptop/Pd_Geocache/workflow/snakefile", line 50, in __rule_PresenceShape
  File "/home/adrian/anaconda3/lib/python3.7/site-packages/snakemake/executors/__init__.py", line 529, in _callback
  File "/home/adrian/anaconda3/lib/python3.7/concurrent/futures/thread.py", line 57, in run
  File "/home/adrian/anaconda3/lib/python3.7/site-packages/snakemake/executors/__init__.py", line 515, in cached_or_run
  File "/home/adrian/anaconda3/lib/python3.7/site-packages/snakemake/executors/__init__.py", line 2201, in run_wrapper
Shutting down, this might take some time.
Exiting because a job execution failed. Look above for error message
Complete log: /home/adrian/PhD-Laptop/Pd_Geocache/workflow/.snakemake/log/2021-02-07T202028.673077.snakemake.log
