Building DAG of jobs...
Using shell: /bin/bash
Provided cores: 2
Rules claiming more threads will be scaled down.
Job counts:
	count	jobs
	1	FilterDescriptions
	1	ScrapeGC
	2

[Sun Feb  7 17:36:15 2021]
rule FilterDescriptions:
    input: data/gc-descriptions.csv
    output: data/gc-list-filtered.csv, figures/keyword-combinations.png
    jobid: 1

Terminating processes on user request, this might take some time.
[Sun Feb  7 17:36:31 2021]
Error in rule FilterDescriptions:
    jobid: 1
    output: data/gc-list-filtered.csv, figures/keyword-combinations.png

RuleException:
CalledProcessError in line 29 of /home/adrian/PhD-Laptop/Pd_Geocache/workflow/snakefile:
Command 'set -euo pipefail;  Rscript --vanilla /home/adrian/PhD-Laptop/Pd_Geocache/workflow/.snakemake/scripts/tmpvc0jkv7e.filter_descriptions.R' returned non-zero exit status 1.
  File "/home/adrian/anaconda3/lib/python3.7/site-packages/snakemake/executors/__init__.py", line 2189, in run_wrapper
  File "/home/adrian/PhD-Laptop/Pd_Geocache/workflow/snakefile", line 29, in __rule_FilterDescriptions
  File "/home/adrian/anaconda3/lib/python3.7/site-packages/snakemake/executors/__init__.py", line 529, in _callback
  File "/home/adrian/anaconda3/lib/python3.7/concurrent/futures/thread.py", line 57, in run
  File "/home/adrian/anaconda3/lib/python3.7/site-packages/snakemake/executors/__init__.py", line 515, in cached_or_run
  File "/home/adrian/anaconda3/lib/python3.7/site-packages/snakemake/executors/__init__.py", line 2201, in run_wrapper
Complete log: /home/adrian/PhD-Laptop/Pd_Geocache/workflow/.snakemake/log/2021-02-07T173615.005492.snakemake.log
